{
  "/Users/iijimamomoko/develop/home-management-api/src/app.ts": {
    "path": "/Users/iijimamomoko/develop/home-management-api/src/app.ts",
    "all": true,
    "statementMap": {
      "0": {
        "start": { "line": 1, "column": 0 },
        "end": { "line": 1, "column": 30 }
      },
      "1": {
        "start": { "line": 2, "column": 0 },
        "end": { "line": 2, "column": 28 }
      },
      "2": {
        "start": { "line": 3, "column": 0 },
        "end": { "line": 3, "column": 46 }
      },
      "3": {
        "start": { "line": 4, "column": 0 },
        "end": { "line": 4, "column": 44 }
      },
      "4": {
        "start": { "line": 5, "column": 0 },
        "end": { "line": 5, "column": 81 }
      },
      "6": {
        "start": { "line": 7, "column": 0 },
        "end": { "line": 7, "column": 16 }
      },
      "8": {
        "start": { "line": 9, "column": 0 },
        "end": { "line": 9, "column": 22 }
      },
      "10": {
        "start": { "line": 11, "column": 0 },
        "end": { "line": 11, "column": 24 }
      },
      "11": {
        "start": { "line": 12, "column": 0 },
        "end": { "line": 12, "column": 29 }
      },
      "12": {
        "start": { "line": 13, "column": 0 },
        "end": { "line": 13, "column": 25 }
      },
      "13": {
        "start": { "line": 14, "column": 0 },
        "end": { "line": 14, "column": 22 }
      }
    },
    "s": {
      "0": 0,
      "1": 0,
      "2": 0,
      "3": 0,
      "4": 0,
      "6": 0,
      "8": 0,
      "10": 0,
      "11": 0,
      "12": 0,
      "13": 0
    },
    "branchMap": {
      "0": {
        "type": "branch",
        "line": 1,
        "loc": {
          "start": { "line": 1, "column": 397 },
          "end": { "line": 16, "column": 15 }
        },
        "locations": [
          {
            "start": { "line": 1, "column": 397 },
            "end": { "line": 16, "column": 15 }
          }
        ]
      }
    },
    "b": { "0": [0] },
    "fnMap": {
      "0": {
        "name": "(empty-report)",
        "decl": {
          "start": { "line": 1, "column": 397 },
          "end": { "line": 16, "column": 15 }
        },
        "loc": {
          "start": { "line": 1, "column": 397 },
          "end": { "line": 16, "column": 15 }
        },
        "line": 1
      }
    },
    "f": { "0": 0 }
  },
  "/Users/iijimamomoko/develop/home-management-api/src/server.ts": {
    "path": "/Users/iijimamomoko/develop/home-management-api/src/server.ts",
    "all": true,
    "statementMap": {
      "1": {
        "start": { "line": 2, "column": 0 },
        "end": { "line": 2, "column": 31 }
      },
      "2": {
        "start": { "line": 3, "column": 0 },
        "end": { "line": 3, "column": 58 }
      },
      "4": {
        "start": { "line": 5, "column": 0 },
        "end": { "line": 5, "column": 38 }
      },
      "6": {
        "start": { "line": 7, "column": 0 },
        "end": { "line": 7, "column": 30 }
      },
      "7": {
        "start": { "line": 8, "column": 0 },
        "end": { "line": 8, "column": 73 }
      },
      "9": {
        "start": { "line": 10, "column": 0 },
        "end": { "line": 10, "column": 7 }
      },
      "10": {
        "start": { "line": 11, "column": 0 },
        "end": { "line": 11, "column": 33 }
      },
      "11": {
        "start": { "line": 12, "column": 0 },
        "end": { "line": 12, "column": 19 }
      },
      "12": {
        "start": { "line": 13, "column": 0 },
        "end": { "line": 13, "column": 18 }
      },
      "13": {
        "start": { "line": 14, "column": 0 },
        "end": { "line": 14, "column": 89 }
      },
      "14": {
        "start": { "line": 15, "column": 0 },
        "end": { "line": 15, "column": 11 }
      },
      "15": {
        "start": { "line": 16, "column": 0 },
        "end": { "line": 16, "column": 6 }
      },
      "16": {
        "start": { "line": 17, "column": 0 },
        "end": { "line": 17, "column": 3 }
      },
      "17": {
        "start": { "line": 18, "column": 0 },
        "end": { "line": 18, "column": 3 }
      }
    },
    "s": {
      "1": 0,
      "2": 0,
      "4": 0,
      "6": 0,
      "7": 0,
      "9": 0,
      "10": 0,
      "11": 0,
      "12": 0,
      "13": 0,
      "14": 0,
      "15": 0,
      "16": 0,
      "17": 0
    },
    "branchMap": {
      "0": {
        "type": "branch",
        "line": 1,
        "loc": {
          "start": { "line": 1, "column": 32 },
          "end": { "line": 18, "column": -141 }
        },
        "locations": [
          {
            "start": { "line": 1, "column": 32 },
            "end": { "line": 18, "column": -141 }
          }
        ]
      }
    },
    "b": { "0": [1] },
    "fnMap": {
      "0": {
        "name": "(empty-report)",
        "decl": {
          "start": { "line": 1, "column": 32 },
          "end": { "line": 18, "column": -141 }
        },
        "loc": {
          "start": { "line": 1, "column": 32 },
          "end": { "line": 18, "column": -141 }
        },
        "line": 1
      }
    },
    "f": { "0": 1 }
  },
  "/Users/iijimamomoko/develop/home-management-api/src/config/database.ts": {
    "path": "/Users/iijimamomoko/develop/home-management-api/src/config/database.ts",
    "all": true,
    "statementMap": {
      "1": {
        "start": { "line": 2, "column": 0 },
        "end": { "line": 2, "column": 35 }
      },
      "2": {
        "start": { "line": 3, "column": 0 },
        "end": { "line": 3, "column": 28 }
      },
      "4": {
        "start": { "line": 5, "column": 0 },
        "end": { "line": 5, "column": 16 }
      },
      "6": {
        "start": { "line": 7, "column": 0 },
        "end": { "line": 7, "column": 18 }
      },
      "7": {
        "start": { "line": 8, "column": 0 },
        "end": { "line": 8, "column": 43 }
      },
      "8": {
        "start": { "line": 9, "column": 0 },
        "end": { "line": 9, "column": 38 }
      },
      "9": {
        "start": { "line": 10, "column": 0 },
        "end": { "line": 10, "column": 42 }
      },
      "10": {
        "start": { "line": 11, "column": 0 },
        "end": { "line": 11, "column": 49 }
      },
      "11": {
        "start": { "line": 12, "column": 0 },
        "end": { "line": 12, "column": 48 }
      },
      "12": {
        "start": { "line": 13, "column": 0 },
        "end": { "line": 13, "column": 22 }
      },
      "13": {
        "start": { "line": 14, "column": 0 },
        "end": { "line": 14, "column": 24 }
      },
      "14": {
        "start": { "line": 15, "column": 0 },
        "end": { "line": 15, "column": 17 }
      },
      "15": {
        "start": { "line": 16, "column": 0 },
        "end": { "line": 16, "column": 2 }
      },
      "17": {
        "start": { "line": 18, "column": 0 },
        "end": { "line": 18, "column": 47 }
      },
      "19": {
        "start": { "line": 20, "column": 0 },
        "end": { "line": 20, "column": 55 }
      },
      "20": {
        "start": { "line": 21, "column": 0 },
        "end": { "line": 21, "column": 7 }
      },
      "21": {
        "start": { "line": 22, "column": 0 },
        "end": { "line": 22, "column": 50 }
      },
      "22": {
        "start": { "line": 23, "column": 0 },
        "end": { "line": 23, "column": 59 }
      },
      "23": {
        "start": { "line": 24, "column": 0 },
        "end": { "line": 24, "column": 25 }
      },
      "24": {
        "start": { "line": 25, "column": 0 },
        "end": { "line": 25, "column": 19 }
      },
      "25": {
        "start": { "line": 26, "column": 0 },
        "end": { "line": 26, "column": 55 }
      },
      "26": {
        "start": { "line": 27, "column": 0 },
        "end": { "line": 27, "column": 16 }
      },
      "27": {
        "start": { "line": 28, "column": 0 },
        "end": { "line": 28, "column": 3 }
      },
      "28": {
        "start": { "line": 29, "column": 0 },
        "end": { "line": 29, "column": 1 }
      }
    },
    "s": {
      "1": 0,
      "2": 0,
      "4": 0,
      "6": 0,
      "7": 0,
      "8": 0,
      "9": 0,
      "10": 0,
      "11": 0,
      "12": 0,
      "13": 0,
      "14": 0,
      "15": 0,
      "17": 0,
      "19": 0,
      "20": 0,
      "21": 0,
      "22": 0,
      "23": 0,
      "24": 0,
      "25": 0,
      "26": 0,
      "27": 0,
      "28": 0
    },
    "branchMap": {
      "0": {
        "type": "branch",
        "line": 1,
        "loc": {
          "start": { "line": 1, "column": 778 },
          "end": { "line": 29, "column": 1 }
        },
        "locations": [
          {
            "start": { "line": 1, "column": 778 },
            "end": { "line": 29, "column": 1 }
          }
        ]
      }
    },
    "b": { "0": [1] },
    "fnMap": {
      "0": {
        "name": "(empty-report)",
        "decl": {
          "start": { "line": 1, "column": 778 },
          "end": { "line": 29, "column": 1 }
        },
        "loc": {
          "start": { "line": 1, "column": 778 },
          "end": { "line": 29, "column": 1 }
        },
        "line": 1
      }
    },
    "f": { "0": 1 }
  },
  "/Users/iijimamomoko/develop/home-management-api/src/config/prisma.ts": {
    "path": "/Users/iijimamomoko/develop/home-management-api/src/config/prisma.ts",
    "all": false,
    "statementMap": {
      "1": {
        "start": { "line": 2, "column": 0 },
        "end": { "line": 2, "column": 46 }
      },
      "3": {
        "start": { "line": 4, "column": 0 },
        "end": { "line": 4, "column": 50 }
      },
      "7": {
        "start": { "line": 8, "column": 0 },
        "end": { "line": 8, "column": 67 }
      },
      "9": {
        "start": { "line": 10, "column": 0 },
        "end": { "line": 10, "column": 75 }
      },
      "11": {
        "start": { "line": 12, "column": 0 },
        "end": { "line": 12, "column": 61 }
      },
      "12": {
        "start": { "line": 13, "column": 0 },
        "end": { "line": 13, "column": 7 }
      },
      "13": {
        "start": { "line": 14, "column": 0 },
        "end": { "line": 14, "column": 28 }
      },
      "14": {
        "start": { "line": 15, "column": 0 },
        "end": { "line": 15, "column": 69 }
      },
      "15": {
        "start": { "line": 16, "column": 0 },
        "end": { "line": 16, "column": 19 }
      },
      "16": {
        "start": { "line": 17, "column": 0 },
        "end": { "line": 17, "column": 56 }
      },
      "17": {
        "start": { "line": 18, "column": 0 },
        "end": { "line": 18, "column": 16 }
      },
      "18": {
        "start": { "line": 19, "column": 0 },
        "end": { "line": 19, "column": 13 }
      },
      "19": {
        "start": { "line": 20, "column": 0 },
        "end": { "line": 20, "column": 31 }
      },
      "20": {
        "start": { "line": 21, "column": 0 },
        "end": { "line": 21, "column": 3 }
      },
      "21": {
        "start": { "line": 22, "column": 0 },
        "end": { "line": 22, "column": 1 }
      }
    },
    "s": {
      "1": 1,
      "3": 1,
      "7": 1,
      "9": 1,
      "11": 0,
      "12": 0,
      "13": 0,
      "14": 0,
      "15": 0,
      "16": 0,
      "17": 0,
      "18": 0,
      "19": 0,
      "20": 0,
      "21": 0
    },
    "branchMap": {},
    "b": {},
    "fnMap": {
      "0": {
        "name": "testPrismaConnection",
        "decl": {
          "start": { "line": 12, "column": 0 },
          "end": { "line": 22, "column": 1 }
        },
        "loc": {
          "start": { "line": 12, "column": 0 },
          "end": { "line": 22, "column": 1 }
        },
        "line": 12
      }
    },
    "f": { "0": 0 }
  },
  "/Users/iijimamomoko/develop/home-management-api/src/controllers/stockController.ts": {
    "path": "/Users/iijimamomoko/develop/home-management-api/src/controllers/stockController.ts",
    "all": false,
    "statementMap": {
      "1": {
        "start": { "line": 2, "column": 0 },
        "end": { "line": 2, "column": 8 }
      },
      "11": {
        "start": { "line": 12, "column": 0 },
        "end": { "line": 12, "column": 44 }
      },
      "12": {
        "start": { "line": 13, "column": 0 },
        "end": { "line": 13, "column": 16 }
      },
      "13": {
        "start": { "line": 14, "column": 0 },
        "end": { "line": 14, "column": 16 }
      },
      "14": {
        "start": { "line": 15, "column": 0 },
        "end": { "line": 15, "column": 20 }
      },
      "15": {
        "start": { "line": 16, "column": 0 },
        "end": { "line": 16, "column": 6 }
      },
      "16": {
        "start": { "line": 17, "column": 0 },
        "end": { "line": 17, "column": 7 }
      },
      "17": {
        "start": { "line": 18, "column": 0 },
        "end": { "line": 18, "column": 48 }
      },
      "18": {
        "start": { "line": 19, "column": 0 },
        "end": { "line": 19, "column": 23 }
      },
      "19": {
        "start": { "line": 20, "column": 0 },
        "end": { "line": 20, "column": 19 }
      },
      "20": {
        "start": { "line": 21, "column": 0 },
        "end": { "line": 21, "column": 16 }
      },
      "21": {
        "start": { "line": 22, "column": 0 },
        "end": { "line": 22, "column": 3 }
      },
      "22": {
        "start": { "line": 23, "column": 0 },
        "end": { "line": 23, "column": 2 }
      },
      "27": {
        "start": { "line": 28, "column": 0 },
        "end": { "line": 28, "column": 43 }
      },
      "28": {
        "start": { "line": 29, "column": 0 },
        "end": { "line": 29, "column": 15 }
      },
      "29": {
        "start": { "line": 30, "column": 0 },
        "end": { "line": 30, "column": 16 }
      },
      "30": {
        "start": { "line": 31, "column": 0 },
        "end": { "line": 31, "column": 20 }
      },
      "31": {
        "start": { "line": 32, "column": 0 },
        "end": { "line": 32, "column": 6 }
      },
      "32": {
        "start": { "line": 33, "column": 0 },
        "end": { "line": 33, "column": 7 }
      },
      "33": {
        "start": { "line": 34, "column": 0 },
        "end": { "line": 34, "column": 55 }
      },
      "34": {
        "start": { "line": 35, "column": 0 },
        "end": { "line": 35, "column": 23 }
      },
      "35": {
        "start": { "line": 36, "column": 0 },
        "end": { "line": 36, "column": 19 }
      },
      "36": {
        "start": { "line": 37, "column": 0 },
        "end": { "line": 37, "column": 16 }
      },
      "37": {
        "start": { "line": 38, "column": 0 },
        "end": { "line": 38, "column": 3 }
      },
      "38": {
        "start": { "line": 39, "column": 0 },
        "end": { "line": 39, "column": 2 }
      },
      "43": {
        "start": { "line": 44, "column": 0 },
        "end": { "line": 44, "column": 50 }
      },
      "44": {
        "start": { "line": 45, "column": 0 },
        "end": { "line": 45, "column": 15 }
      },
      "45": {
        "start": { "line": 46, "column": 0 },
        "end": { "line": 46, "column": 16 }
      },
      "46": {
        "start": { "line": 47, "column": 0 },
        "end": { "line": 47, "column": 20 }
      },
      "47": {
        "start": { "line": 48, "column": 0 },
        "end": { "line": 48, "column": 6 }
      },
      "48": {
        "start": { "line": 49, "column": 0 },
        "end": { "line": 49, "column": 7 }
      },
      "49": {
        "start": { "line": 50, "column": 0 },
        "end": { "line": 50, "column": 57 }
      },
      "50": {
        "start": { "line": 51, "column": 0 },
        "end": { "line": 51, "column": 23 }
      },
      "51": {
        "start": { "line": 52, "column": 0 },
        "end": { "line": 52, "column": 19 }
      },
      "52": {
        "start": { "line": 53, "column": 0 },
        "end": { "line": 53, "column": 16 }
      },
      "53": {
        "start": { "line": 54, "column": 0 },
        "end": { "line": 54, "column": 3 }
      },
      "54": {
        "start": { "line": 55, "column": 0 },
        "end": { "line": 55, "column": 2 }
      },
      "59": {
        "start": { "line": 60, "column": 0 },
        "end": { "line": 60, "column": 50 }
      },
      "60": {
        "start": { "line": 61, "column": 0 },
        "end": { "line": 61, "column": 15 }
      },
      "61": {
        "start": { "line": 62, "column": 0 },
        "end": { "line": 62, "column": 16 }
      },
      "62": {
        "start": { "line": 63, "column": 0 },
        "end": { "line": 63, "column": 20 }
      },
      "63": {
        "start": { "line": 64, "column": 0 },
        "end": { "line": 64, "column": 6 }
      },
      "64": {
        "start": { "line": 65, "column": 0 },
        "end": { "line": 65, "column": 7 }
      },
      "65": {
        "start": { "line": 66, "column": 0 },
        "end": { "line": 66, "column": 57 }
      },
      "66": {
        "start": { "line": 67, "column": 0 },
        "end": { "line": 67, "column": 23 }
      },
      "67": {
        "start": { "line": 68, "column": 0 },
        "end": { "line": 68, "column": 19 }
      },
      "68": {
        "start": { "line": 69, "column": 0 },
        "end": { "line": 69, "column": 16 }
      },
      "69": {
        "start": { "line": 70, "column": 0 },
        "end": { "line": 70, "column": 3 }
      },
      "70": {
        "start": { "line": 71, "column": 0 },
        "end": { "line": 71, "column": 2 }
      }
    },
    "s": {
      "1": 1,
      "11": 1,
      "12": 2,
      "13": 2,
      "14": 2,
      "15": 2,
      "16": 2,
      "17": 2,
      "18": 1,
      "19": 1,
      "20": 1,
      "21": 1,
      "22": 2,
      "27": 1,
      "28": 2,
      "29": 2,
      "30": 2,
      "31": 2,
      "32": 2,
      "33": 2,
      "34": 1,
      "35": 1,
      "36": 1,
      "37": 1,
      "38": 2,
      "43": 1,
      "44": 2,
      "45": 2,
      "46": 2,
      "47": 2,
      "48": 2,
      "49": 2,
      "50": 1,
      "51": 1,
      "52": 1,
      "53": 1,
      "54": 2,
      "59": 1,
      "60": 2,
      "61": 2,
      "62": 2,
      "63": 2,
      "64": 2,
      "65": 2,
      "66": 1,
      "67": 1,
      "68": 1,
      "69": 1,
      "70": 2
    },
    "branchMap": {
      "0": {
        "type": "branch",
        "line": 12,
        "loc": {
          "start": { "line": 12, "column": 37 },
          "end": { "line": 23, "column": 2 }
        },
        "locations": [
          {
            "start": { "line": 12, "column": 37 },
            "end": { "line": 23, "column": 2 }
          }
        ]
      },
      "1": {
        "type": "branch",
        "line": 18,
        "loc": {
          "start": { "line": 18, "column": 46 },
          "end": { "line": 22, "column": 3 }
        },
        "locations": [
          {
            "start": { "line": 18, "column": 46 },
            "end": { "line": 22, "column": 3 }
          }
        ]
      },
      "2": {
        "type": "branch",
        "line": 28,
        "loc": {
          "start": { "line": 28, "column": 36 },
          "end": { "line": 39, "column": 2 }
        },
        "locations": [
          {
            "start": { "line": 28, "column": 36 },
            "end": { "line": 39, "column": 2 }
          }
        ]
      },
      "3": {
        "type": "branch",
        "line": 34,
        "loc": {
          "start": { "line": 34, "column": 53 },
          "end": { "line": 38, "column": 3 }
        },
        "locations": [
          {
            "start": { "line": 34, "column": 53 },
            "end": { "line": 38, "column": 3 }
          }
        ]
      },
      "4": {
        "type": "branch",
        "line": 44,
        "loc": {
          "start": { "line": 44, "column": 43 },
          "end": { "line": 55, "column": 2 }
        },
        "locations": [
          {
            "start": { "line": 44, "column": 43 },
            "end": { "line": 55, "column": 2 }
          }
        ]
      },
      "5": {
        "type": "branch",
        "line": 50,
        "loc": {
          "start": { "line": 50, "column": 55 },
          "end": { "line": 54, "column": 3 }
        },
        "locations": [
          {
            "start": { "line": 50, "column": 55 },
            "end": { "line": 54, "column": 3 }
          }
        ]
      },
      "6": {
        "type": "branch",
        "line": 60,
        "loc": {
          "start": { "line": 60, "column": 43 },
          "end": { "line": 71, "column": 2 }
        },
        "locations": [
          {
            "start": { "line": 60, "column": 43 },
            "end": { "line": 71, "column": 2 }
          }
        ]
      },
      "7": {
        "type": "branch",
        "line": 66,
        "loc": {
          "start": { "line": 66, "column": 55 },
          "end": { "line": 70, "column": 3 }
        },
        "locations": [
          {
            "start": { "line": 66, "column": 55 },
            "end": { "line": 70, "column": 3 }
          }
        ]
      }
    },
    "b": {
      "0": [2],
      "1": [1],
      "2": [2],
      "3": [1],
      "4": [2],
      "5": [1],
      "6": [2],
      "7": [1]
    },
    "fnMap": {
      "0": {
        "name": "getAllStockController",
        "decl": {
          "start": { "line": 12, "column": 37 },
          "end": { "line": 23, "column": 2 }
        },
        "loc": {
          "start": { "line": 12, "column": 37 },
          "end": { "line": 23, "column": 2 }
        },
        "line": 12
      },
      "1": {
        "name": "getIdStockController",
        "decl": {
          "start": { "line": 28, "column": 36 },
          "end": { "line": 39, "column": 2 }
        },
        "loc": {
          "start": { "line": 28, "column": 36 },
          "end": { "line": 39, "column": 2 }
        },
        "line": 28
      },
      "2": {
        "name": "postAddStockCountController",
        "decl": {
          "start": { "line": 44, "column": 43 },
          "end": { "line": 55, "column": 2 }
        },
        "loc": {
          "start": { "line": 44, "column": 43 },
          "end": { "line": 55, "column": 2 }
        },
        "line": 44
      },
      "3": {
        "name": "postSubStockCountController",
        "decl": {
          "start": { "line": 60, "column": 43 },
          "end": { "line": 71, "column": 2 }
        },
        "loc": {
          "start": { "line": 60, "column": 43 },
          "end": { "line": 71, "column": 2 }
        },
        "line": 60
      }
    },
    "f": { "0": 2, "1": 2, "2": 2, "3": 2 }
  },
  "/Users/iijimamomoko/develop/home-management-api/src/middlewares/errorMiddleware.ts": {
    "path": "/Users/iijimamomoko/develop/home-management-api/src/middlewares/errorMiddleware.ts",
    "all": true,
    "statementMap": {
      "3": {
        "start": { "line": 4, "column": 0 },
        "end": { "line": 4, "column": 29 }
      },
      "4": {
        "start": { "line": 5, "column": 0 },
        "end": { "line": 5, "column": 21 }
      },
      "5": {
        "start": { "line": 6, "column": 0 },
        "end": { "line": 6, "column": 16 }
      },
      "6": {
        "start": { "line": 7, "column": 0 },
        "end": { "line": 7, "column": 16 }
      },
      "8": {
        "start": { "line": 9, "column": 0 },
        "end": { "line": 9, "column": 21 }
      },
      "9": {
        "start": { "line": 10, "column": 0 },
        "end": { "line": 10, "column": 16 }
      },
      "10": {
        "start": { "line": 11, "column": 0 },
        "end": { "line": 11, "column": 42 }
      },
      "11": {
        "start": { "line": 12, "column": 0 },
        "end": { "line": 12, "column": 25 }
      },
      "12": {
        "start": { "line": 13, "column": 0 },
        "end": { "line": 13, "column": 27 }
      },
      "13": {
        "start": { "line": 14, "column": 0 },
        "end": { "line": 14, "column": 5 }
      },
      "14": {
        "start": { "line": 15, "column": 0 },
        "end": { "line": 15, "column": 2 }
      },
      "16": {
        "start": { "line": 17, "column": 0 },
        "end": { "line": 17, "column": 32 }
      },
      "17": {
        "start": { "line": 18, "column": 0 },
        "end": { "line": 18, "column": 16 }
      },
      "18": {
        "start": { "line": 19, "column": 0 },
        "end": { "line": 19, "column": 15 }
      },
      "19": {
        "start": { "line": 20, "column": 0 },
        "end": { "line": 20, "column": 16 }
      },
      "20": {
        "start": { "line": 21, "column": 0 },
        "end": { "line": 21, "column": 31 }
      },
      "21": {
        "start": { "line": 22, "column": 0 },
        "end": { "line": 22, "column": 25 }
      },
      "22": {
        "start": { "line": 23, "column": 0 },
        "end": { "line": 23, "column": 16 }
      },
      "23": {
        "start": { "line": 24, "column": 0 },
        "end": { "line": 24, "column": 5 }
      },
      "24": {
        "start": { "line": 25, "column": 0 },
        "end": { "line": 25, "column": 2 }
      }
    },
    "s": {
      "3": 0,
      "4": 0,
      "5": 0,
      "6": 0,
      "8": 0,
      "9": 0,
      "10": 0,
      "11": 0,
      "12": 0,
      "13": 0,
      "14": 0,
      "16": 0,
      "17": 0,
      "18": 0,
      "19": 0,
      "20": 0,
      "21": 0,
      "22": 0,
      "23": 0,
      "24": 0
    },
    "branchMap": {
      "0": {
        "type": "branch",
        "line": 1,
        "loc": {
          "start": { "line": 1, "column": 573 },
          "end": { "line": 25, "column": 2 }
        },
        "locations": [
          {
            "start": { "line": 1, "column": 573 },
            "end": { "line": 25, "column": 2 }
          }
        ]
      }
    },
    "b": { "0": [1] },
    "fnMap": {
      "0": {
        "name": "(empty-report)",
        "decl": {
          "start": { "line": 1, "column": 573 },
          "end": { "line": 25, "column": 2 }
        },
        "loc": {
          "start": { "line": 1, "column": 573 },
          "end": { "line": 25, "column": 2 }
        },
        "line": 1
      }
    },
    "f": { "0": 1 }
  },
  "/Users/iijimamomoko/develop/home-management-api/src/models/stock.ts": {
    "path": "/Users/iijimamomoko/develop/home-management-api/src/models/stock.ts",
    "all": false,
    "statementMap": {
      "0": {
        "start": { "line": 1, "column": 0 },
        "end": { "line": 1, "column": 45 }
      },
      "3": {
        "start": { "line": 4, "column": 0 },
        "end": { "line": 4, "column": 25 }
      },
      "4": {
        "start": { "line": 5, "column": 0 },
        "end": { "line": 5, "column": 49 }
      },
      "5": {
        "start": { "line": 6, "column": 0 },
        "end": { "line": 6, "column": 48 }
      },
      "6": {
        "start": { "line": 7, "column": 0 },
        "end": { "line": 7, "column": 29 }
      },
      "7": {
        "start": { "line": 8, "column": 0 },
        "end": { "line": 8, "column": 7 }
      },
      "8": {
        "start": { "line": 9, "column": 0 },
        "end": { "line": 9, "column": 18 }
      },
      "9": {
        "start": { "line": 10, "column": 0 },
        "end": { "line": 10, "column": 3 }
      },
      "11": {
        "start": { "line": 12, "column": 0 },
        "end": { "line": 12, "column": 65 }
      },
      "12": {
        "start": { "line": 13, "column": 0 },
        "end": { "line": 13, "column": 49 }
      },
      "13": {
        "start": { "line": 14, "column": 0 },
        "end": { "line": 14, "column": 20 }
      },
      "14": {
        "start": { "line": 15, "column": 0 },
        "end": { "line": 15, "column": 7 }
      },
      "15": {
        "start": { "line": 16, "column": 0 },
        "end": { "line": 16, "column": 17 }
      },
      "16": {
        "start": { "line": 17, "column": 0 },
        "end": { "line": 17, "column": 3 }
      },
      "18": {
        "start": { "line": 19, "column": 0 },
        "end": { "line": 19, "column": 27 }
      },
      "19": {
        "start": { "line": 20, "column": 0 },
        "end": { "line": 20, "column": 15 }
      },
      "20": {
        "start": { "line": 21, "column": 0 },
        "end": { "line": 21, "column": 20 }
      },
      "21": {
        "start": { "line": 22, "column": 0 },
        "end": { "line": 22, "column": 34 }
      },
      "22": {
        "start": { "line": 23, "column": 0 },
        "end": { "line": 23, "column": 9 }
      },
      "23": {
        "start": { "line": 24, "column": 0 },
        "end": { "line": 24, "column": 48 }
      },
      "24": {
        "start": { "line": 25, "column": 0 },
        "end": { "line": 25, "column": 22 }
      },
      "25": {
        "start": { "line": 26, "column": 0 },
        "end": { "line": 26, "column": 34 }
      },
      "26": {
        "start": { "line": 27, "column": 0 },
        "end": { "line": 27, "column": 9 }
      },
      "27": {
        "start": { "line": 28, "column": 0 },
        "end": { "line": 28, "column": 20 }
      },
      "28": {
        "start": { "line": 29, "column": 0 },
        "end": { "line": 29, "column": 13 }
      },
      "29": {
        "start": { "line": 30, "column": 0 },
        "end": { "line": 30, "column": 18 }
      },
      "30": {
        "start": { "line": 31, "column": 0 },
        "end": { "line": 31, "column": 5 }
      },
      "31": {
        "start": { "line": 32, "column": 0 },
        "end": { "line": 32, "column": 3 }
      },
      "32": {
        "start": { "line": 33, "column": 0 },
        "end": { "line": 33, "column": 1 }
      }
    },
    "s": {
      "0": 1,
      "3": 1,
      "4": 1,
      "5": 2,
      "6": 2,
      "7": 2,
      "8": 2,
      "9": 2,
      "11": 1,
      "12": 2,
      "13": 2,
      "14": 2,
      "15": 2,
      "16": 2,
      "18": 1,
      "19": 3,
      "20": 3,
      "21": 3,
      "22": 3,
      "23": 3,
      "24": 3,
      "25": 3,
      "26": 3,
      "27": 1,
      "28": 3,
      "29": 2,
      "30": 2,
      "31": 3,
      "32": 1
    },
    "branchMap": {
      "0": {
        "type": "branch",
        "line": 5,
        "loc": {
          "start": { "line": 5, "column": 2 },
          "end": { "line": 10, "column": 3 }
        },
        "locations": [
          {
            "start": { "line": 5, "column": 2 },
            "end": { "line": 10, "column": 3 }
          }
        ]
      },
      "1": {
        "type": "branch",
        "line": 12,
        "loc": {
          "start": { "line": 12, "column": 2 },
          "end": { "line": 17, "column": 3 }
        },
        "locations": [
          {
            "start": { "line": 12, "column": 2 },
            "end": { "line": 17, "column": 3 }
          }
        ]
      },
      "2": {
        "type": "branch",
        "line": 19,
        "loc": {
          "start": { "line": 19, "column": 2 },
          "end": { "line": 32, "column": 3 }
        },
        "locations": [
          {
            "start": { "line": 19, "column": 2 },
            "end": { "line": 32, "column": 3 }
          }
        ]
      },
      "3": {
        "type": "branch",
        "line": 27,
        "loc": {
          "start": { "line": 27, "column": 7 },
          "end": { "line": 29, "column": 12 }
        },
        "locations": [
          {
            "start": { "line": 27, "column": 7 },
            "end": { "line": 29, "column": 12 }
          }
        ]
      },
      "4": {
        "type": "branch",
        "line": 29,
        "loc": {
          "start": { "line": 29, "column": 4 },
          "end": { "line": 31, "column": 5 }
        },
        "locations": [
          {
            "start": { "line": 29, "column": 4 },
            "end": { "line": 31, "column": 5 }
          }
        ]
      }
    },
    "b": { "0": [2], "1": [2], "2": [3], "3": [1], "4": [2] },
    "fnMap": {
      "0": {
        "name": "getAll",
        "decl": {
          "start": { "line": 5, "column": 2 },
          "end": { "line": 10, "column": 3 }
        },
        "loc": {
          "start": { "line": 5, "column": 2 },
          "end": { "line": 10, "column": 3 }
        },
        "line": 5
      },
      "1": {
        "name": "getById",
        "decl": {
          "start": { "line": 12, "column": 2 },
          "end": { "line": 17, "column": 3 }
        },
        "loc": {
          "start": { "line": 12, "column": 2 },
          "end": { "line": 17, "column": 3 }
        },
        "line": 12
      },
      "2": {
        "name": "updateCount",
        "decl": {
          "start": { "line": 19, "column": 2 },
          "end": { "line": 32, "column": 3 }
        },
        "loc": {
          "start": { "line": 19, "column": 2 },
          "end": { "line": 32, "column": 3 }
        },
        "line": 19
      }
    },
    "f": { "0": 2, "1": 2, "2": 3 }
  },
  "/Users/iijimamomoko/develop/home-management-api/src/routes/index.ts": {
    "path": "/Users/iijimamomoko/develop/home-management-api/src/routes/index.ts",
    "all": true,
    "statementMap": {
      "0": {
        "start": { "line": 1, "column": 0 },
        "end": { "line": 1, "column": 33 }
      },
      "1": {
        "start": { "line": 2, "column": 0 },
        "end": { "line": 2, "column": 41 }
      },
      "2": {
        "start": { "line": 3, "column": 0 },
        "end": { "line": 3, "column": 44 }
      },
      "4": {
        "start": { "line": 5, "column": 0 },
        "end": { "line": 5, "column": 24 }
      },
      "6": {
        "start": { "line": 7, "column": 0 },
        "end": { "line": 7, "column": 39 }
      }
    },
    "s": { "0": 0, "1": 0, "2": 0, "4": 0, "6": 0 },
    "branchMap": {
      "0": {
        "type": "branch",
        "line": 1,
        "loc": {
          "start": { "line": 1, "column": 220 },
          "end": { "line": 9, "column": 31 }
        },
        "locations": [
          {
            "start": { "line": 1, "column": 220 },
            "end": { "line": 9, "column": 31 }
          }
        ]
      }
    },
    "b": { "0": [0] },
    "fnMap": {
      "0": {
        "name": "(empty-report)",
        "decl": {
          "start": { "line": 1, "column": 220 },
          "end": { "line": 9, "column": 31 }
        },
        "loc": {
          "start": { "line": 1, "column": 220 },
          "end": { "line": 9, "column": 31 }
        },
        "line": 1
      }
    },
    "f": { "0": 0 }
  },
  "/Users/iijimamomoko/develop/home-management-api/src/routes/stock.ts": {
    "path": "/Users/iijimamomoko/develop/home-management-api/src/routes/stock.ts",
    "all": true,
    "statementMap": {
      "0": {
        "start": { "line": 1, "column": 0 },
        "end": { "line": 1, "column": 33 }
      },
      "1": {
        "start": { "line": 2, "column": 0 },
        "end": { "line": 2, "column": 8 }
      },
      "8": {
        "start": { "line": 9, "column": 0 },
        "end": { "line": 9, "column": 24 }
      },
      "10": {
        "start": { "line": 11, "column": 0 },
        "end": { "line": 11, "column": 39 }
      },
      "11": {
        "start": { "line": 12, "column": 0 },
        "end": { "line": 12, "column": 41 }
      },
      "12": {
        "start": { "line": 13, "column": 0 },
        "end": { "line": 13, "column": 55 }
      },
      "13": {
        "start": { "line": 14, "column": 0 },
        "end": { "line": 14, "column": 55 }
      }
    },
    "s": { "0": 0, "1": 0, "8": 0, "10": 0, "11": 0, "12": 0, "13": 0 },
    "branchMap": {
      "0": {
        "type": "branch",
        "line": 1,
        "loc": {
          "start": { "line": 1, "column": 450 },
          "end": { "line": 16, "column": 33 }
        },
        "locations": [
          {
            "start": { "line": 1, "column": 450 },
            "end": { "line": 16, "column": 33 }
          }
        ]
      }
    },
    "b": { "0": [0] },
    "fnMap": {
      "0": {
        "name": "(empty-report)",
        "decl": {
          "start": { "line": 1, "column": 450 },
          "end": { "line": 16, "column": 33 }
        },
        "loc": {
          "start": { "line": 1, "column": 450 },
          "end": { "line": 16, "column": 33 }
        },
        "line": 1
      }
    },
    "f": { "0": 0 }
  },
  "/Users/iijimamomoko/develop/home-management-api/src/schemas/stockSchema.ts": {
    "path": "/Users/iijimamomoko/develop/home-management-api/src/schemas/stockSchema.ts",
    "all": false,
    "statementMap": {
      "0": {
        "start": { "line": 1, "column": 0 },
        "end": { "line": 1, "column": 20 }
      },
      "1": {
        "start": { "line": 2, "column": 0 },
        "end": { "line": 2, "column": 47 }
      },
      "6": {
        "start": { "line": 7, "column": 0 },
        "end": { "line": 7, "column": 42 }
      },
      "7": {
        "start": { "line": 8, "column": 0 },
        "end": { "line": 8, "column": 52 }
      },
      "8": {
        "start": { "line": 9, "column": 0 },
        "end": { "line": 9, "column": 3 }
      },
      "13": {
        "start": { "line": 14, "column": 0 },
        "end": { "line": 14, "column": 49 }
      },
      "14": {
        "start": { "line": 15, "column": 0 },
        "end": { "line": 15, "column": 52 }
      },
      "15": {
        "start": { "line": 16, "column": 0 },
        "end": { "line": 16, "column": 3 }
      },
      "20": {
        "start": { "line": 21, "column": 0 },
        "end": { "line": 21, "column": 49 }
      },
      "21": {
        "start": { "line": 22, "column": 0 },
        "end": { "line": 22, "column": 52 }
      },
      "22": {
        "start": { "line": 23, "column": 0 },
        "end": { "line": 23, "column": 3 }
      },
      "30": {
        "start": { "line": 31, "column": 0 },
        "end": { "line": 31, "column": 51 }
      },
      "31": {
        "start": { "line": 32, "column": 0 },
        "end": { "line": 32, "column": 18 }
      },
      "32": {
        "start": { "line": 33, "column": 0 },
        "end": { "line": 33, "column": 11 }
      },
      "33": {
        "start": { "line": 34, "column": 0 },
        "end": { "line": 34, "column": 18 }
      },
      "34": {
        "start": { "line": 35, "column": 0 },
        "end": { "line": 35, "column": 7 }
      },
      "35": {
        "start": { "line": 36, "column": 0 },
        "end": { "line": 36, "column": 32 }
      },
      "36": {
        "start": { "line": 37, "column": 0 },
        "end": { "line": 37, "column": 19 }
      },
      "37": {
        "start": { "line": 38, "column": 0 },
        "end": { "line": 38, "column": 38 }
      },
      "38": {
        "start": { "line": 39, "column": 0 },
        "end": { "line": 39, "column": 54 }
      },
      "39": {
        "start": { "line": 40, "column": 0 },
        "end": { "line": 40, "column": 13 }
      },
      "40": {
        "start": { "line": 41, "column": 0 },
        "end": { "line": 41, "column": 36 }
      },
      "41": {
        "start": { "line": 42, "column": 0 },
        "end": { "line": 42, "column": 33 }
      },
      "42": {
        "start": { "line": 43, "column": 0 },
        "end": { "line": 43, "column": 8 }
      },
      "43": {
        "start": { "line": 44, "column": 0 },
        "end": { "line": 44, "column": 5 }
      },
      "45": {
        "start": { "line": 46, "column": 0 },
        "end": { "line": 46, "column": 35 }
      },
      "46": {
        "start": { "line": 47, "column": 0 },
        "end": { "line": 47, "column": 3 }
      },
      "47": {
        "start": { "line": 48, "column": 0 },
        "end": { "line": 48, "column": 2 }
      }
    },
    "s": {
      "0": 1,
      "1": 1,
      "6": 1,
      "7": 1,
      "8": 1,
      "13": 1,
      "14": 1,
      "15": 1,
      "20": 1,
      "21": 1,
      "22": 1,
      "30": 1,
      "31": 4,
      "32": 4,
      "33": 4,
      "34": 4,
      "35": 4,
      "36": 4,
      "37": 2,
      "38": 1,
      "39": 1,
      "40": 1,
      "41": 1,
      "42": 1,
      "43": 1,
      "45": 1,
      "46": 1,
      "47": 4
    },
    "branchMap": {
      "0": {
        "type": "branch",
        "line": 31,
        "loc": {
          "start": { "line": 31, "column": 26 },
          "end": { "line": 48, "column": 2 }
        },
        "locations": [
          {
            "start": { "line": 31, "column": 26 },
            "end": { "line": 48, "column": 2 }
          }
        ]
      },
      "1": {
        "type": "branch",
        "line": 37,
        "loc": {
          "start": { "line": 37, "column": 2 },
          "end": { "line": 47, "column": 3 }
        },
        "locations": [
          {
            "start": { "line": 37, "column": 2 },
            "end": { "line": 47, "column": 3 }
          }
        ]
      },
      "2": {
        "type": "branch",
        "line": 38,
        "loc": {
          "start": { "line": 38, "column": 37 },
          "end": { "line": 47, "column": 3 }
        },
        "locations": [
          {
            "start": { "line": 38, "column": 37 },
            "end": { "line": 47, "column": 3 }
          }
        ]
      }
    },
    "b": { "0": [4], "1": [2], "2": [1] },
    "fnMap": {
      "0": {
        "name": "validation",
        "decl": {
          "start": { "line": 31, "column": 26 },
          "end": { "line": 48, "column": 2 }
        },
        "loc": {
          "start": { "line": 31, "column": 26 },
          "end": { "line": 48, "column": 2 }
        },
        "line": 31
      }
    },
    "f": { "0": 4 }
  },
  "/Users/iijimamomoko/develop/home-management-api/src/services/stockService.ts": {
    "path": "/Users/iijimamomoko/develop/home-management-api/src/services/stockService.ts",
    "all": false,
    "statementMap": {
      "1": {
        "start": { "line": 2, "column": 0 },
        "end": { "line": 2, "column": 48 }
      },
      "2": {
        "start": { "line": 3, "column": 0 },
        "end": { "line": 3, "column": 8 }
      },
      "9": {
        "start": { "line": 10, "column": 0 },
        "end": { "line": 10, "column": 8 }
      },
      "16": {
        "start": { "line": 17, "column": 0 },
        "end": { "line": 17, "column": 62 }
      },
      "17": {
        "start": { "line": 18, "column": 0 },
        "end": { "line": 18, "column": 51 }
      },
      "18": {
        "start": { "line": 19, "column": 0 },
        "end": { "line": 19, "column": 10 }
      },
      "19": {
        "start": { "line": 20, "column": 0 },
        "end": { "line": 20, "column": 12 }
      },
      "20": {
        "start": { "line": 21, "column": 0 },
        "end": { "line": 21, "column": 26 }
      },
      "21": {
        "start": { "line": 22, "column": 0 },
        "end": { "line": 22, "column": 26 }
      },
      "22": {
        "start": { "line": 23, "column": 0 },
        "end": { "line": 23, "column": 4 }
      },
      "23": {
        "start": { "line": 24, "column": 0 },
        "end": { "line": 24, "column": 2 }
      },
      "28": {
        "start": { "line": 29, "column": 0 },
        "end": { "line": 29, "column": 72 }
      },
      "29": {
        "start": { "line": 30, "column": 0 },
        "end": { "line": 30, "column": 41 }
      },
      "30": {
        "start": { "line": 31, "column": 0 },
        "end": { "line": 31, "column": 14 }
      },
      "31": {
        "start": { "line": 32, "column": 0 },
        "end": { "line": 32, "column": 38 }
      },
      "32": {
        "start": { "line": 33, "column": 0 },
        "end": { "line": 33, "column": 3 }
      },
      "34": {
        "start": { "line": 35, "column": 0 },
        "end": { "line": 35, "column": 65 }
      },
      "35": {
        "start": { "line": 36, "column": 0 },
        "end": { "line": 36, "column": 22 }
      },
      "36": {
        "start": { "line": 37, "column": 0 },
        "end": { "line": 37, "column": 2 }
      },
      "41": {
        "start": { "line": 42, "column": 0 },
        "end": { "line": 42, "column": 38 }
      },
      "42": {
        "start": { "line": 43, "column": 0 },
        "end": { "line": 43, "column": 26 }
      },
      "43": {
        "start": { "line": 44, "column": 0 },
        "end": { "line": 44, "column": 31 }
      },
      "44": {
        "start": { "line": 45, "column": 0 },
        "end": { "line": 45, "column": 53 }
      },
      "45": {
        "start": { "line": 46, "column": 0 },
        "end": { "line": 46, "column": 44 }
      },
      "46": {
        "start": { "line": 47, "column": 0 },
        "end": { "line": 47, "column": 14 }
      },
      "47": {
        "start": { "line": 48, "column": 0 },
        "end": { "line": 48, "column": 38 }
      },
      "48": {
        "start": { "line": 49, "column": 0 },
        "end": { "line": 49, "column": 3 }
      },
      "49": {
        "start": { "line": 50, "column": 0 },
        "end": { "line": 50, "column": 33 }
      },
      "50": {
        "start": { "line": 51, "column": 0 },
        "end": { "line": 51, "column": 2 }
      },
      "55": {
        "start": { "line": 56, "column": 0 },
        "end": { "line": 56, "column": 42 }
      },
      "56": {
        "start": { "line": 57, "column": 0 },
        "end": { "line": 57, "column": 23 }
      },
      "57": {
        "start": { "line": 58, "column": 0 },
        "end": { "line": 58, "column": 29 }
      },
      "58": {
        "start": { "line": 59, "column": 0 },
        "end": { "line": 59, "column": 59 }
      },
      "59": {
        "start": { "line": 60, "column": 0 },
        "end": { "line": 60, "column": 44 }
      },
      "62": {
        "start": { "line": 63, "column": 0 },
        "end": { "line": 63, "column": 14 }
      },
      "63": {
        "start": { "line": 64, "column": 0 },
        "end": { "line": 64, "column": 38 }
      },
      "64": {
        "start": { "line": 65, "column": 0 },
        "end": { "line": 65, "column": 3 }
      },
      "66": {
        "start": { "line": 67, "column": 0 },
        "end": { "line": 67, "column": 49 }
      },
      "67": {
        "start": { "line": 68, "column": 0 },
        "end": { "line": 68, "column": 36 }
      },
      "68": {
        "start": { "line": 69, "column": 0 },
        "end": { "line": 69, "column": 38 }
      },
      "69": {
        "start": { "line": 70, "column": 0 },
        "end": { "line": 70, "column": 3 }
      },
      "72": {
        "start": { "line": 73, "column": 0 },
        "end": { "line": 73, "column": 61 }
      },
      "73": {
        "start": { "line": 74, "column": 0 },
        "end": { "line": 74, "column": 17 }
      },
      "74": {
        "start": { "line": 75, "column": 0 },
        "end": { "line": 75, "column": 44 }
      },
      "75": {
        "start": { "line": 76, "column": 0 },
        "end": { "line": 76, "column": 3 }
      },
      "77": {
        "start": { "line": 78, "column": 0 },
        "end": { "line": 78, "column": 34 }
      },
      "78": {
        "start": { "line": 79, "column": 0 },
        "end": { "line": 79, "column": 2 }
      },
      "83": {
        "start": { "line": 84, "column": 0 },
        "end": { "line": 84, "column": 42 }
      },
      "84": {
        "start": { "line": 85, "column": 0 },
        "end": { "line": 85, "column": 23 }
      },
      "85": {
        "start": { "line": 86, "column": 0 },
        "end": { "line": 86, "column": 29 }
      },
      "86": {
        "start": { "line": 87, "column": 0 },
        "end": { "line": 87, "column": 59 }
      },
      "87": {
        "start": { "line": 88, "column": 0 },
        "end": { "line": 88, "column": 44 }
      },
      "90": {
        "start": { "line": 91, "column": 0 },
        "end": { "line": 91, "column": 14 }
      },
      "91": {
        "start": { "line": 92, "column": 0 },
        "end": { "line": 92, "column": 38 }
      },
      "92": {
        "start": { "line": 93, "column": 0 },
        "end": { "line": 93, "column": 3 }
      },
      "94": {
        "start": { "line": 95, "column": 0 },
        "end": { "line": 95, "column": 49 }
      },
      "95": {
        "start": { "line": 96, "column": 0 },
        "end": { "line": 96, "column": 35 }
      },
      "96": {
        "start": { "line": 97, "column": 0 },
        "end": { "line": 97, "column": 38 }
      },
      "97": {
        "start": { "line": 98, "column": 0 },
        "end": { "line": 98, "column": 3 }
      },
      "100": {
        "start": { "line": 101, "column": 0 },
        "end": { "line": 101, "column": 61 }
      },
      "101": {
        "start": { "line": 102, "column": 0 },
        "end": { "line": 102, "column": 17 }
      },
      "102": {
        "start": { "line": 103, "column": 0 },
        "end": { "line": 103, "column": 44 }
      },
      "103": {
        "start": { "line": 104, "column": 0 },
        "end": { "line": 104, "column": 3 }
      },
      "105": {
        "start": { "line": 106, "column": 0 },
        "end": { "line": 106, "column": 34 }
      },
      "106": {
        "start": { "line": 107, "column": 0 },
        "end": { "line": 107, "column": 2 }
      }
    },
    "s": {
      "1": 1,
      "2": 1,
      "9": 1,
      "16": 1,
      "17": 4,
      "18": 4,
      "19": 4,
      "20": 4,
      "21": 4,
      "22": 4,
      "23": 4,
      "28": 1,
      "29": 3,
      "30": 3,
      "31": 1,
      "32": 1,
      "34": 2,
      "35": 2,
      "36": 2,
      "41": 1,
      "42": 3,
      "43": 3,
      "44": 3,
      "45": 3,
      "46": 3,
      "47": 1,
      "48": 1,
      "49": 1,
      "50": 1,
      "55": 1,
      "56": 4,
      "57": 4,
      "58": 4,
      "59": 4,
      "62": 4,
      "63": 1,
      "64": 1,
      "66": 3,
      "67": 4,
      "68": 1,
      "69": 1,
      "72": 2,
      "73": 4,
      "74": 1,
      "75": 1,
      "77": 1,
      "78": 1,
      "83": 1,
      "84": 4,
      "85": 4,
      "86": 4,
      "87": 4,
      "90": 4,
      "91": 1,
      "92": 1,
      "94": 3,
      "95": 4,
      "96": 1,
      "97": 1,
      "100": 2,
      "101": 4,
      "102": 1,
      "103": 1,
      "105": 1,
      "106": 1
    },
    "branchMap": {
      "0": {
        "type": "branch",
        "line": 17,
        "loc": {
          "start": { "line": 17, "column": 24 },
          "end": { "line": 24, "column": 2 }
        },
        "locations": [
          {
            "start": { "line": 17, "column": 24 },
            "end": { "line": 24, "column": 2 }
          }
        ]
      },
      "1": {
        "type": "branch",
        "line": 29,
        "loc": {
          "start": { "line": 29, "column": 34 },
          "end": { "line": 37, "column": 2 }
        },
        "locations": [
          {
            "start": { "line": 29, "column": 34 },
            "end": { "line": 37, "column": 2 }
          }
        ]
      },
      "2": {
        "type": "branch",
        "line": 31,
        "loc": {
          "start": { "line": 31, "column": 13 },
          "end": { "line": 33, "column": 3 }
        },
        "locations": [
          {
            "start": { "line": 31, "column": 13 },
            "end": { "line": 33, "column": 3 }
          }
        ]
      },
      "3": {
        "type": "branch",
        "line": 33,
        "loc": {
          "start": { "line": 33, "column": 2 },
          "end": { "line": 37, "column": 2 }
        },
        "locations": [
          {
            "start": { "line": 33, "column": 2 },
            "end": { "line": 37, "column": 2 }
          }
        ]
      },
      "4": {
        "type": "branch",
        "line": 35,
        "loc": {
          "start": { "line": 35, "column": 32 },
          "end": { "line": 35, "column": 63 }
        },
        "locations": [
          {
            "start": { "line": 35, "column": 32 },
            "end": { "line": 35, "column": 63 }
          }
        ]
      },
      "5": {
        "type": "branch",
        "line": 42,
        "loc": {
          "start": { "line": 42, "column": 31 },
          "end": { "line": 51, "column": 2 }
        },
        "locations": [
          {
            "start": { "line": 42, "column": 31 },
            "end": { "line": 51, "column": 2 }
          }
        ]
      },
      "6": {
        "type": "branch",
        "line": 46,
        "loc": {
          "start": { "line": 46, "column": 42 },
          "end": { "line": 47, "column": 13 }
        },
        "locations": [
          {
            "start": { "line": 46, "column": 42 },
            "end": { "line": 47, "column": 13 }
          }
        ]
      },
      "7": {
        "type": "branch",
        "line": 47,
        "loc": {
          "start": { "line": 47, "column": 13 },
          "end": { "line": 51, "column": 2 }
        },
        "locations": [
          {
            "start": { "line": 47, "column": 13 },
            "end": { "line": 51, "column": 2 }
          }
        ]
      },
      "8": {
        "type": "branch",
        "line": 56,
        "loc": {
          "start": { "line": 56, "column": 35 },
          "end": { "line": 79, "column": 2 }
        },
        "locations": [
          {
            "start": { "line": 56, "column": 35 },
            "end": { "line": 79, "column": 2 }
          }
        ]
      },
      "9": {
        "type": "branch",
        "line": 63,
        "loc": {
          "start": { "line": 63, "column": 13 },
          "end": { "line": 65, "column": 3 }
        },
        "locations": [
          {
            "start": { "line": 63, "column": 13 },
            "end": { "line": 65, "column": 3 }
          }
        ]
      },
      "10": {
        "type": "branch",
        "line": 65,
        "loc": {
          "start": { "line": 65, "column": 2 },
          "end": { "line": 68, "column": 35 }
        },
        "locations": [
          {
            "start": { "line": 65, "column": 2 },
            "end": { "line": 68, "column": 35 }
          }
        ]
      },
      "11": {
        "type": "branch",
        "line": 68,
        "loc": {
          "start": { "line": 68, "column": 35 },
          "end": { "line": 70, "column": 3 }
        },
        "locations": [
          {
            "start": { "line": 68, "column": 35 },
            "end": { "line": 70, "column": 3 }
          }
        ]
      },
      "12": {
        "type": "branch",
        "line": 70,
        "loc": {
          "start": { "line": 70, "column": 2 },
          "end": { "line": 74, "column": 16 }
        },
        "locations": [
          {
            "start": { "line": 70, "column": 2 },
            "end": { "line": 74, "column": 16 }
          }
        ]
      },
      "13": {
        "type": "branch",
        "line": 74,
        "loc": {
          "start": { "line": 74, "column": 16 },
          "end": { "line": 79, "column": 2 }
        },
        "locations": [
          {
            "start": { "line": 74, "column": 16 },
            "end": { "line": 79, "column": 2 }
          }
        ]
      },
      "14": {
        "type": "branch",
        "line": 84,
        "loc": {
          "start": { "line": 84, "column": 35 },
          "end": { "line": 107, "column": 2 }
        },
        "locations": [
          {
            "start": { "line": 84, "column": 35 },
            "end": { "line": 107, "column": 2 }
          }
        ]
      },
      "15": {
        "type": "branch",
        "line": 91,
        "loc": {
          "start": { "line": 91, "column": 13 },
          "end": { "line": 93, "column": 3 }
        },
        "locations": [
          {
            "start": { "line": 91, "column": 13 },
            "end": { "line": 93, "column": 3 }
          }
        ]
      },
      "16": {
        "type": "branch",
        "line": 93,
        "loc": {
          "start": { "line": 93, "column": 2 },
          "end": { "line": 96, "column": 34 }
        },
        "locations": [
          {
            "start": { "line": 93, "column": 2 },
            "end": { "line": 96, "column": 34 }
          }
        ]
      },
      "17": {
        "type": "branch",
        "line": 96,
        "loc": {
          "start": { "line": 96, "column": 34 },
          "end": { "line": 98, "column": 3 }
        },
        "locations": [
          {
            "start": { "line": 96, "column": 34 },
            "end": { "line": 98, "column": 3 }
          }
        ]
      },
      "18": {
        "type": "branch",
        "line": 98,
        "loc": {
          "start": { "line": 98, "column": 2 },
          "end": { "line": 102, "column": 16 }
        },
        "locations": [
          {
            "start": { "line": 98, "column": 2 },
            "end": { "line": 102, "column": 16 }
          }
        ]
      },
      "19": {
        "type": "branch",
        "line": 102,
        "loc": {
          "start": { "line": 102, "column": 16 },
          "end": { "line": 107, "column": 2 }
        },
        "locations": [
          {
            "start": { "line": 102, "column": 16 },
            "end": { "line": 107, "column": 2 }
          }
        ]
      }
    },
    "b": {
      "0": [4],
      "1": [3],
      "2": [1],
      "3": [2],
      "4": [1],
      "5": [3],
      "6": [2],
      "7": [1],
      "8": [4],
      "9": [1],
      "10": [3],
      "11": [1],
      "12": [2],
      "13": [1],
      "14": [4],
      "15": [1],
      "16": [3],
      "17": [1],
      "18": [2],
      "19": [1]
    },
    "fnMap": {
      "0": {
        "name": "toCamelCaseKeys",
        "decl": {
          "start": { "line": 17, "column": 24 },
          "end": { "line": 24, "column": 2 }
        },
        "loc": {
          "start": { "line": 17, "column": 24 },
          "end": { "line": 24, "column": 2 }
        },
        "line": 17
      },
      "1": {
        "name": "getAllStockService",
        "decl": {
          "start": { "line": 29, "column": 34 },
          "end": { "line": 37, "column": 2 }
        },
        "loc": {
          "start": { "line": 29, "column": 34 },
          "end": { "line": 37, "column": 2 }
        },
        "line": 29
      },
      "2": {
        "name": "getStockService",
        "decl": {
          "start": { "line": 42, "column": 31 },
          "end": { "line": 51, "column": 2 }
        },
        "loc": {
          "start": { "line": 42, "column": 31 },
          "end": { "line": 51, "column": 2 }
        },
        "line": 42
      },
      "3": {
        "name": "postAddCountService",
        "decl": {
          "start": { "line": 56, "column": 35 },
          "end": { "line": 79, "column": 2 }
        },
        "loc": {
          "start": { "line": 56, "column": 35 },
          "end": { "line": 79, "column": 2 }
        },
        "line": 56
      },
      "4": {
        "name": "postSubCountService",
        "decl": {
          "start": { "line": 84, "column": 35 },
          "end": { "line": 107, "column": 2 }
        },
        "loc": {
          "start": { "line": 84, "column": 35 },
          "end": { "line": 107, "column": 2 }
        },
        "line": 84
      }
    },
    "f": { "0": 4, "1": 3, "2": 3, "3": 4, "4": 4 }
  },
  "/Users/iijimamomoko/develop/home-management-api/src/types/stockType.ts": {
    "path": "/Users/iijimamomoko/develop/home-management-api/src/types/stockType.ts",
    "all": true,
    "statementMap": {},
    "s": {},
    "branchMap": {
      "0": {
        "type": "branch",
        "line": 1,
        "loc": {
          "start": { "line": 1, "column": 268 },
          "end": { "line": 16, "column": 1 }
        },
        "locations": [
          {
            "start": { "line": 1, "column": 268 },
            "end": { "line": 16, "column": 1 }
          }
        ]
      }
    },
    "b": { "0": [1] },
    "fnMap": {
      "0": {
        "name": "(empty-report)",
        "decl": {
          "start": { "line": 1, "column": 268 },
          "end": { "line": 16, "column": 1 }
        },
        "loc": {
          "start": { "line": 1, "column": 268 },
          "end": { "line": 16, "column": 1 }
        },
        "line": 1
      }
    },
    "f": { "0": 1 }
  },
  "/Users/iijimamomoko/develop/home-management-api/src/utils/const.ts": {
    "path": "/Users/iijimamomoko/develop/home-management-api/src/utils/const.ts",
    "all": false,
    "statementMap": {
      "0": {
        "start": { "line": 1, "column": 0 },
        "end": { "line": 1, "column": 34 }
      },
      "1": {
        "start": { "line": 2, "column": 0 },
        "end": { "line": 2, "column": 43 }
      },
      "4": {
        "start": { "line": 5, "column": 0 },
        "end": { "line": 5, "column": 34 }
      },
      "5": {
        "start": { "line": 6, "column": 0 },
        "end": { "line": 6, "column": 33 }
      },
      "6": {
        "start": { "line": 7, "column": 0 },
        "end": { "line": 7, "column": 34 }
      },
      "8": {
        "start": { "line": 9, "column": 0 },
        "end": { "line": 9, "column": 30 }
      },
      "9": {
        "start": { "line": 10, "column": 0 },
        "end": { "line": 10, "column": 15 }
      },
      "10": {
        "start": { "line": 11, "column": 0 },
        "end": { "line": 11, "column": 18 }
      },
      "11": {
        "start": { "line": 12, "column": 0 },
        "end": { "line": 12, "column": 27 }
      },
      "12": {
        "start": { "line": 13, "column": 0 },
        "end": { "line": 13, "column": 20 }
      },
      "13": {
        "start": { "line": 14, "column": 0 },
        "end": { "line": 14, "column": 4 }
      },
      "14": {
        "start": { "line": 15, "column": 0 },
        "end": { "line": 15, "column": 24 }
      },
      "15": {
        "start": { "line": 16, "column": 0 },
        "end": { "line": 16, "column": 18 }
      },
      "16": {
        "start": { "line": 17, "column": 0 },
        "end": { "line": 17, "column": 37 }
      },
      "17": {
        "start": { "line": 18, "column": 0 },
        "end": { "line": 18, "column": 20 }
      },
      "18": {
        "start": { "line": 19, "column": 0 },
        "end": { "line": 19, "column": 4 }
      },
      "20": {
        "start": { "line": 21, "column": 0 },
        "end": { "line": 21, "column": 18 }
      },
      "21": {
        "start": { "line": 22, "column": 0 },
        "end": { "line": 22, "column": 18 }
      },
      "22": {
        "start": { "line": 23, "column": 0 },
        "end": { "line": 23, "column": 28 }
      },
      "23": {
        "start": { "line": 24, "column": 0 },
        "end": { "line": 24, "column": 20 }
      },
      "24": {
        "start": { "line": 25, "column": 0 },
        "end": { "line": 25, "column": 4 }
      },
      "25": {
        "start": { "line": 26, "column": 0 },
        "end": { "line": 26, "column": 19 }
      },
      "26": {
        "start": { "line": 27, "column": 0 },
        "end": { "line": 27, "column": 18 }
      },
      "27": {
        "start": { "line": 28, "column": 0 },
        "end": { "line": 28, "column": 30 }
      },
      "28": {
        "start": { "line": 29, "column": 0 },
        "end": { "line": 29, "column": 20 }
      },
      "29": {
        "start": { "line": 30, "column": 0 },
        "end": { "line": 30, "column": 4 }
      },
      "30": {
        "start": { "line": 31, "column": 0 },
        "end": { "line": 31, "column": 18 }
      },
      "31": {
        "start": { "line": 32, "column": 0 },
        "end": { "line": 32, "column": 18 }
      },
      "32": {
        "start": { "line": 33, "column": 0 },
        "end": { "line": 33, "column": 52 }
      },
      "33": {
        "start": { "line": 34, "column": 0 },
        "end": { "line": 34, "column": 20 }
      },
      "34": {
        "start": { "line": 35, "column": 0 },
        "end": { "line": 35, "column": 4 }
      },
      "35": {
        "start": { "line": 36, "column": 0 },
        "end": { "line": 36, "column": 18 }
      },
      "36": {
        "start": { "line": 37, "column": 0 },
        "end": { "line": 37, "column": 18 }
      },
      "37": {
        "start": { "line": 38, "column": 0 },
        "end": { "line": 38, "column": 52 }
      },
      "38": {
        "start": { "line": 39, "column": 0 },
        "end": { "line": 39, "column": 20 }
      },
      "39": {
        "start": { "line": 40, "column": 0 },
        "end": { "line": 40, "column": 4 }
      },
      "41": {
        "start": { "line": 42, "column": 0 },
        "end": { "line": 42, "column": 24 }
      },
      "42": {
        "start": { "line": 43, "column": 0 },
        "end": { "line": 43, "column": 18 }
      },
      "43": {
        "start": { "line": 44, "column": 0 },
        "end": { "line": 44, "column": 30 }
      },
      "44": {
        "start": { "line": 45, "column": 0 },
        "end": { "line": 45, "column": 20 }
      },
      "45": {
        "start": { "line": 46, "column": 0 },
        "end": { "line": 46, "column": 4 }
      },
      "46": {
        "start": { "line": 47, "column": 0 },
        "end": { "line": 47, "column": 11 }
      }
    },
    "s": {
      "0": 1,
      "1": 1,
      "4": 1,
      "5": 1,
      "6": 1,
      "8": 1,
      "9": 1,
      "10": 1,
      "11": 1,
      "12": 1,
      "13": 1,
      "14": 1,
      "15": 1,
      "16": 1,
      "17": 1,
      "18": 1,
      "20": 1,
      "21": 1,
      "22": 1,
      "23": 1,
      "24": 1,
      "25": 1,
      "26": 1,
      "27": 1,
      "28": 1,
      "29": 1,
      "30": 1,
      "31": 1,
      "32": 1,
      "33": 1,
      "34": 1,
      "35": 1,
      "36": 1,
      "37": 1,
      "38": 1,
      "39": 1,
      "41": 1,
      "42": 1,
      "43": 1,
      "44": 1,
      "45": 1,
      "46": 1
    },
    "branchMap": {},
    "b": {},
    "fnMap": {},
    "f": {}
  },
  "/Users/iijimamomoko/develop/home-management-api/src/utils/types.ts": {
    "path": "/Users/iijimamomoko/develop/home-management-api/src/utils/types.ts",
    "all": true,
    "statementMap": {},
    "s": {},
    "branchMap": {
      "0": {
        "type": "branch",
        "line": 1,
        "loc": {
          "start": { "line": 1, "column": 70 },
          "end": { "line": 3, "column": 1 }
        },
        "locations": [
          {
            "start": { "line": 1, "column": 70 },
            "end": { "line": 3, "column": 1 }
          }
        ]
      }
    },
    "b": { "0": [1] },
    "fnMap": {
      "0": {
        "name": "(empty-report)",
        "decl": {
          "start": { "line": 1, "column": 70 },
          "end": { "line": 3, "column": 1 }
        },
        "loc": {
          "start": { "line": 1, "column": 70 },
          "end": { "line": 3, "column": 1 }
        },
        "line": 1
      }
    },
    "f": { "0": 1 }
  }
}
